生成启动时间为 2016/5/27 10:24:48。
     1>项目“D:\code\哈希桶\哈希桶\哈希桶.vcxproj”在节点 2 上(Build 个目标)。
     1>ClCompile:
         C:\Program Files (x86)\Microsoft Visual Studio 12.0\VC\bin\CL.exe /c /ZI /nologo /W3 /WX- /sdl /Od /Oy- /D _UNICODE /D UNICODE /Gm /EHsc /RTC1 /MDd /GS /fp:precise /Zc:wchar_t /Zc:forScope /Fo"Debug\\" /Fd"Debug\vc120.pdb" /Gd /TP /analyze- /errorReport:prompt test.cpp
         test.cpp
     1>d:\code\哈希桶\哈希桶\hashtablebucket.h(85): warning C4018: “<”: 有符号/无符号不匹配
                 d:\code\哈希桶\哈希桶\hashtablebucket.h(78): 编译类 模板 成员函数“HashTableBucket<int,int>::HashTableBucket(const HashTableBucket<int,int> &)”时
                 d:\code\哈希桶\哈希桶\test.cpp(23): 参见对正在编译的函数 模板 实例化“HashTableBucket<int,int>::HashTableBucket(const HashTableBucket<int,int> &)”的引用
                 d:\code\哈希桶\哈希桶\hashtablebucket.h(294): 参见对正在编译的类 模板 实例化“HashTableBucket<int,int>”的引用
     1>d:\code\哈希桶\哈希桶\hashtablebucket.h(102): warning C4018: “<”: 有符号/无符号不匹配
                 d:\code\哈希桶\哈希桶\hashtablebucket.h(97): 编译类 模板 成员函数“HashTableBucket<int,int>::~HashTableBucket(void)”时
                 d:\code\哈希桶\哈希桶\hashtablebucket.h(294): 参见对正在编译的函数 模板 实例化“HashTableBucket<int,int>::~HashTableBucket(void)”的引用
     1>d:\code\哈希桶\哈希桶\hashtablebucket.h(229): warning C4018: “<”: 有符号/无符号不匹配
                 d:\code\哈希桶\哈希桶\hashtablebucket.h(226): 编译类 模板 成员函数“void HashTableBucket<int,int>::Print(void)”时
                 d:\code\哈希桶\哈希桶\hashtablebucket.h(299): 参见对正在编译的函数 模板 实例化“void HashTableBucket<int,int>::Print(void)”的引用
     1>d:\code\哈希桶\哈希桶\hashtablebucket.h(260): warning C4018: “<”: 有符号/无符号不匹配
                 d:\code\哈希桶\哈希桶\hashtablebucket.h(252): 编译类 模板 成员函数“void HashTableBucket<int,int>::_CheckCapacity(void)”时
                 d:\code\哈希桶\哈希桶\hashtablebucket.h(130): 参见对正在编译的函数 模板 实例化“void HashTableBucket<int,int>::_CheckCapacity(void)”的引用
     1>d:\code\哈希桶\哈希桶\hashtablebucket.h(223): warning C4715: “HashTableBucket<std::basic_string<char,std::char_traits<char>,std::allocator<char> >,std::basic_string<char,std::char_traits<char>,std::allocator<char> > >::Remove”: 不是所有的控件路径都返回值
     1>d:\code\哈希桶\哈希桶\hashtablebucket.h(283): warning C4715: “HashTableBucket<int,int>::GetNextPrime”: 不是所有的控件路径都返回值
     1>d:\code\哈希桶\哈希桶\hashtablebucket.h(283): warning C4715: “HashTableBucket<std::basic_string<char,std::char_traits<char>,std::allocator<char> >,std::basic_string<char,std::char_traits<char>,std::allocator<char> > >::GetNextPrime”: 不是所有的控件路径都返回值
       Link:
         C:\Program Files (x86)\Microsoft Visual Studio 12.0\VC\bin\link.exe /ERRORREPORT:PROMPT /OUT:"D:\code\哈希桶\Debug\哈希桶.exe" /INCREMENTAL /NOLOGO kernel32.lib user32.lib gdi32.lib winspool.lib comdlg32.lib advapi32.lib shell32.lib ole32.lib oleaut32.lib uuid.lib odbc32.lib odbccp32.lib /MANIFEST /MANIFESTUAC:"level='asInvoker' uiAccess='false'" /manifest:embed /DEBUG /PDB:"D:\code\哈希桶\Debug\哈希桶.pdb" /TLBID:1 /DYNAMICBASE /NXCOMPAT /IMPLIB:"D:\code\哈希桶\Debug\哈希桶.lib" /MACHINE:X86 Debug\test.obj
         哈希桶.vcxproj -> D:\code\哈希桶\Debug\哈希桶.exe
     1>已完成生成项目“D:\code\哈希桶\哈希桶\哈希桶.vcxproj”(Build 个目标)的操作。

生成成功。

已用时间 00:00:00.89
